2023/04/18 07:36:37 doned
2023/04/18 07:36:37 cre=1
2023/04/18 07:36:37 cre=2
2023/04/18 07:36:37 cre=3
2023/04/18 07:36:37 cre=4
2023/04/18 07:36:37 cre=5
2023/04/18 07:36:37 cre=6
2023/04/18 07:36:37 cre=7
2023/04/18 07:36:37 cre=8
2023/04/18 07:36:37 cre=9
2023/04/18 07:36:37 cre=10
2023/04/18 07:36:37 task
2023/04/18 07:36:37 cre=11
2023/04/18 07:36:37 task
2023/04/18 07:36:37 sort
2023/04/18 07:36:37 cre=12
2023/04/18 07:36:37 task
2023/04/18 07:36:37 sort
2023/04/18 07:36:37 cre=13
2023/04/18 07:36:37 task
2023/04/18 07:36:37 sort
2023/04/18 07:36:37 cre=14
2023/04/18 07:36:37 task
2023/04/18 07:36:37 cre=15
2023/04/18 07:36:37 sort
2023/04/18 07:36:38 task
2023/04/18 07:36:38 sort
2023/04/18 07:36:38 cre=16
2023/04/18 07:36:38 task
2023/04/18 07:36:38 cre=17
2023/04/18 07:36:38 sort
2023/04/18 07:36:38 task
2023/04/18 07:36:38 sort
2023/04/18 07:36:38 cre=18
2023/04/18 07:36:38 task
2023/04/18 07:36:38 cre=19
2023/04/18 07:36:38 sort
2023/04/18 07:36:38 task
2023/04/18 07:36:38 cre=20
2023/04/18 07:36:38 sort
2023/04/18 07:36:38 task
2023/04/18 07:36:38 cre=21
2023/04/18 07:36:38 sort
2023/04/18 07:36:39 task
2023/04/18 07:36:39 cre=22
2023/04/18 07:36:39 sort
2023/04/18 07:36:39 task
2023/04/18 07:36:39 cre=23
2023/04/18 07:36:39 sort
2023/04/18 07:36:39 task
2023/04/18 07:36:39 cre=24
2023/04/18 07:36:39 sort
2023/04/18 07:36:39 sort
2023/04/18 07:36:39 cre=25
2023/04/18 07:36:39 task
2023/04/18 07:36:39 task
2023/04/18 07:36:39 cre=26
2023/04/18 07:36:39 sort
2023/04/18 07:36:39 task
2023/04/18 07:36:39 cre=27
2023/04/18 07:36:39 sort
2023/04/18 07:36:39 task
2023/04/18 07:36:39 cre=28
2023/04/18 07:36:39 sort
2023/04/18 07:36:40 task
2023/04/18 07:36:40 cre=29
2023/04/18 07:36:40 sort
2023/04/18 07:36:40 task
2023/04/18 07:36:40 cre=30
2023/04/18 07:36:40 sort
2023/04/18 07:36:40 timed 3s
Errors:
Done tasks:
1681792598
1681792597

1. Канал doneTask остался открытым, ошибок никогда не увидим "совсем".
2. Имитатор постановки задач в канал отрабатывает быстрее чем обработчик, буфер канала superChan всегда почти полон.